time="2026-02-09 23:04:35" level=info msg="🔥 Starting kube-burner (2.2.2@30914ef30240bba573bf70d89dd1cf3891462e53) with UUID 29195d21-8739-4272-8507-3e425abb0a2b" file="job.go:85"
time="2026-02-09 23:04:35" level=info msg="Pre-load: images from job baseline-probes" file="pre_load.go:73"
time="2026-02-09 23:04:35" level=info msg="Pre-load: Creating DaemonSet using images [bitnami/kubectl:latest] in namespace preload-kube-burner" file="pre_load.go:203"
time="2026-02-09 23:04:35" level=info msg="Pre-load: Sleeping for 1m0s" file="pre_load.go:86"
time="2026-02-09 23:05:35" level=info msg="Deleting 1 namespaces with label: kube-burner-preload=true" file="namespaces.go:65"
time="2026-02-09 23:05:41" level=info msg="Pre-load: images from job ramp-step-1" file="pre_load.go:73"
time="2026-02-09 23:05:41" level=info msg="Pre-load: Creating DaemonSet using images [polinux/stress polinux/stress busybox:1.36 bitnami/kubectl:latest] in namespace preload-kube-burner" file="pre_load.go:203"
time="2026-02-09 23:05:41" level=info msg="Pre-load: Sleeping for 1m0s" file="pre_load.go:86"
time="2026-02-09 23:06:41" level=info msg="Deleting 1 namespaces with label: kube-burner-preload=true" file="namespaces.go:65"
time="2026-02-09 23:06:47" level=info msg="Pre-load: images from job ramp-step-2" file="pre_load.go:73"
time="2026-02-09 23:06:47" level=info msg="Pre-load: Creating DaemonSet using images [polinux/stress polinux/stress busybox:1.36 bitnami/kubectl:latest] in namespace preload-kube-burner" file="pre_load.go:203"
time="2026-02-09 23:06:47" level=info msg="Pre-load: Sleeping for 1m0s" file="pre_load.go:86"
time="2026-02-09 23:07:47" level=info msg="Deleting 1 namespaces with label: kube-burner-preload=true" file="namespaces.go:65"
time="2026-02-09 23:07:53" level=info msg="Pre-load: images from job recovery-probes" file="pre_load.go:73"
time="2026-02-09 23:07:53" level=info msg="Pre-load: Creating DaemonSet using images [bitnami/kubectl:latest] in namespace preload-kube-burner" file="pre_load.go:203"
time="2026-02-09 23:07:53" level=info msg="Pre-load: Sleeping for 1m0s" file="pre_load.go:86"
time="2026-02-09 23:08:53" level=info msg="Deleting 1 namespaces with label: kube-burner-preload=true" file="namespaces.go:65"
time="2026-02-09 23:08:59" level=info msg="Pre-load: images from job fio-pvc-cleanup" file="pre_load.go:73"
time="2026-02-09 23:08:59" level=info msg="Pre-load: Creating DaemonSet using images [busybox:1.36] in namespace preload-kube-burner" file="pre_load.go:203"
time="2026-02-09 23:08:59" level=info msg="Pre-load: Sleeping for 1m0s" file="pre_load.go:86"
time="2026-02-09 23:09:59" level=info msg="Deleting 1 namespaces with label: kube-burner-preload=true" file="namespaces.go:65"
time="2026-02-09 23:10:05" level=info msg="Initializing measurements for job: baseline-probes" file="factory.go:104"
time="2026-02-09 23:10:05" level=info msg="Triggering job: baseline-probes" file="job.go:115"
time="2026-02-09 23:10:05" level=info msg="Initializing measurements for job: ramp-step-1" file="factory.go:104"
time="2026-02-09 23:10:05" level=info msg="Triggering job: ramp-step-1" file="job.go:115"
time="2026-02-09 23:10:05" level=info msg="Initializing measurements for job: ramp-step-2" file="factory.go:104"
time="2026-02-09 23:10:05" level=info msg="Triggering job: ramp-step-2" file="job.go:115"
time="2026-02-09 23:10:05" level=info msg="Initializing measurements for job: recovery-probes" file="factory.go:104"
time="2026-02-09 23:10:05" level=info msg="Triggering job: recovery-probes" file="job.go:115"
time="2026-02-09 23:10:05" level=info msg="Initializing measurements for job: fio-pvc-cleanup" file="factory.go:104"
time="2026-02-09 23:10:05" level=info msg="Triggering job: fio-pvc-cleanup" file="job.go:115"
time="2026-02-09 23:10:05" level=info msg="Cleaning up previous runs" file="job.go:118"
time="2026-02-09 23:10:05" level=info msg="Waiting up to 10m0s for actions to be completed" file="job.go:392"
time="2026-02-09 23:10:39" level=info msg="Actions in namespace noisy-neighbor completed" file="waiters.go:77"
time="2026-02-09 23:10:39" level=info msg="Waiting up to 10m0s for actions to be completed" file="job.go:392"
time="2026-02-09 23:10:39" level=info msg="Actions in namespace noisy-neighbor completed" file="waiters.go:77"
time="2026-02-09 23:10:39" level=info msg="Waiting up to 10m0s for actions to be completed" file="job.go:392"
time="2026-02-09 23:10:39" level=info msg="Actions in namespace noisy-neighbor completed" file="waiters.go:77"
time="2026-02-09 23:10:39" level=info msg="Waiting up to 10m0s for actions to be completed" file="job.go:392"
time="2026-02-09 23:10:39" level=info msg="Actions in namespace noisy-neighbor completed" file="waiters.go:77"
time="2026-02-09 23:10:39" level=info msg="Waiting up to 10m0s for actions to be completed" file="job.go:392"
time="2026-02-09 23:10:39" level=info msg="Actions in namespace noisy-neighbor completed" file="waiters.go:77"
time="2026-02-09 23:10:39" level=info msg="Finished execution with UUID: 29195d21-8739-4272-8507-3e425abb0a2b" file="job.go:260"
time="2026-02-09 23:10:39" level=info msg="👋 Exiting kube-burner 29195d21-8739-4272-8507-3e425abb0a2b" file="kube-burner.go:89"
